<?xml version="1.0" encoding="UTF-8"?>
<!-- Generated by org.testng.reporters.JUnitReportReporter -->
<testsuite ignored="0" hostname="DESKTOP-6BF1I8Q" failures="0" tests="2" name="qaf.example.tests.HPLaptop" time="36.079" errors="0" timestamp="07 Jun 2021 13:16:25 GMT" skipped="0">
  <testcase classname="qaf.example.tests.HPLaptop" name="HPLAptop" time="11.977"/>
  <testcase classname="qaf.example.tests.HPLaptop" name="login" time="24.102"/>
</testsuite> <!-- qaf.example.tests.HPLaptop -->
