<?xml version="1.0" encoding="UTF-8"?>
<!-- Generated by org.testng.reporters.JUnitReportReporter -->
<testsuite ignored="0" hostname="DESKTOP-6BF1I8Q" failures="0" tests="1" name="qaf.example.tests.TC007_QLO_Removecart" time="57.568" errors="0" timestamp="10 Jun 2021 13:22:04 GMT" skipped="0">
  <testcase classname="qaf.example.tests.TC007_QLO_Removecart" name="remove" time="57.568"/>
</testsuite> <!-- qaf.example.tests.TC007_QLO_Removecart -->
