<?xml version="1.0" encoding="UTF-8"?>
<!-- Generated by org.testng.reporters.JUnitReportReporter -->
<testsuite ignored="0" hostname="DESKTOP-6BF1I8Q" failures="0" tests="1" name="qaf.example.tests.SampleTest" time="29.528" errors="0" timestamp="03 Jun 2021 13:48:57 GMT" skipped="0">
  <testcase classname="qaf.example.tests.SampleTest" name="testGoogleSearch" time="29.528"/>
</testsuite> <!-- qaf.example.tests.SampleTest -->
