<?xml version="1.0" encoding="UTF-8"?>
<!-- Generated by org.testng.reporters.JUnitReportReporter -->
<testsuite ignored="0" hostname="DESKTOP-6BF1I8Q" failures="0" tests="1" name="qaf.example.tests.TC001_Register" time="44.153" errors="0" timestamp="09 Jun 2021 07:01:31 GMT" skipped="0">
  <testcase classname="qaf.example.tests.TC001_Register" name="Register" time="44.153"/>
</testsuite> <!-- qaf.example.tests.TC001_Register -->
