<?xml version="1.0" encoding="UTF-8"?>
<!-- Generated by org.testng.reporters.JUnitReportReporter -->
<testsuite ignored="0" hostname="DESKTOP-6BF1I8Q" failures="0" tests="1" name="qaf.example.tests.TC005_QLO_Personaldetails" time="47.067" errors="0" timestamp="10 Jun 2021 13:20:03 GMT" skipped="0">
  <testcase classname="qaf.example.tests.TC005_QLO_Personaldetails" name="Personal" time="47.067"/>
</testsuite> <!-- qaf.example.tests.TC005_QLO_Personaldetails -->
