<?xml version="1.0" encoding="UTF-8"?>
<!-- Generated by org.testng.reporters.JUnitReportReporter -->
<testsuite ignored="0" hostname="DESKTOP-6BF1I8Q" failures="0" tests="1" name="qaf.example.tests.TC002_QLO_Login" time="61.499" errors="0" timestamp="09 Jun 2021 10:17:04 GMT" skipped="0">
  <testcase classname="qaf.example.tests.TC002_QLO_Login" name="login" time="61.499"/>
</testsuite> <!-- qaf.example.tests.TC002_QLO_Login -->
