<?xml version="1.0" encoding="UTF-8"?>
<!-- Generated by org.testng.reporters.JUnitReportReporter -->
<testsuite ignored="0" hostname="DESKTOP-6BF1I8Q" failures="0" tests="1" name="qaf.example.tests.Opencart" time="0.000" errors="0" timestamp="03 Jun 2021 14:33:53 GMT" skipped="1">
  <testcase classname="qaf.example.tests.Opencart" name="Registeration" time="0.000">
    <skipped/>
  </testcase> <!-- Registeration -->
</testsuite> <!-- qaf.example.tests.Opencart -->
