<?xml version="1.0" encoding="UTF-8"?>
<!-- Generated by org.testng.reporters.JUnitReportReporter -->
<testsuite ignored="0" hostname="DESKTOP-6BF1I8Q" failures="0" tests="2" name="qaf.example.tests.Addingproduct" time="38.077" errors="0" timestamp="07 Jun 2021 12:53:16 GMT" skipped="0">
  <testcase classname="qaf.example.tests.Addingproduct" name="selectproduct" time="10.786"/>
  <testcase classname="qaf.example.tests.Addingproduct" name="login" time="27.291"/>
</testsuite> <!-- qaf.example.tests.Addingproduct -->
