<?xml version="1.0" encoding="UTF-8"?>
<!-- Generated by org.testng.reporters.JUnitReportReporter -->
<testsuite ignored="0" hostname="DESKTOP-6BF1I8Q" failures="0" tests="1" name="qaf.example.tests.Opencart_Login" time="40.383" errors="0" timestamp="07 Jun 2021 09:49:03 GMT" skipped="0">
  <testcase classname="qaf.example.tests.Opencart_Login" name="login" time="40.383"/>
</testsuite> <!-- qaf.example.tests.Opencart_Login -->
