<?xml version="1.0" encoding="UTF-8"?>
<!-- Generated by org.testng.reporters.JUnitReportReporter -->
<testsuite ignored="0" hostname="DESKTOP-6BF1I8Q" failures="0" tests="1" name="qaf.example.tests.TC001_QLO_Register" time="43.229" errors="0" timestamp="10 Jun 2021 11:12:33 GMT" skipped="0">
  <testcase classname="qaf.example.tests.TC001_QLO_Register" name="Register" time="43.229"/>
</testsuite> <!-- qaf.example.tests.TC001_QLO_Register -->
