<?xml version="1.0" encoding="UTF-8"?>
<!-- Generated by org.testng.reporters.JUnitReportReporter -->
<testsuite ignored="0" hostname="DESKTOP-6BF1I8Q" failures="0" tests="1" name="qaf.example.tests.TC004_QLO_OrderCancel" time="55.772" errors="0" timestamp="10 Jun 2021 13:19:01 GMT" skipped="0">
  <testcase classname="qaf.example.tests.TC004_QLO_OrderCancel" name="Ordercancel" time="55.772"/>
</testsuite> <!-- qaf.example.tests.TC004_QLO_OrderCancel -->
