<?xml version="1.0" encoding="UTF-8"?>
<!-- Generated by org.testng.reporters.JUnitReportReporter -->
<testsuite ignored="0" hostname="DESKTOP-6BF1I8Q" failures="0" tests="1" name="qaf.example.tests.TC006_QLO_Contact" time="30.574" errors="0" timestamp="10 Jun 2021 13:20:51 GMT" skipped="0">
  <testcase classname="qaf.example.tests.TC006_QLO_Contact" name="Contact" time="30.574"/>
</testsuite> <!-- qaf.example.tests.TC006_QLO_Contact -->
