<?xml version="1.0" encoding="UTF-8"?>
<!-- Generated by org.testng.reporters.JUnitReportReporter -->
<testsuite ignored="0" hostname="DESKTOP-6BF1I8Q" failures="0" tests="1" name="qaf.example.tests.TC002_QLO_AddAddress" time="61.409" errors="0" timestamp="10 Jun 2021 06:41:26 GMT" skipped="0">
  <testcase classname="qaf.example.tests.TC002_QLO_AddAddress" name="login" time="61.409"/>
</testsuite> <!-- qaf.example.tests.TC002_QLO_AddAddress -->
